{"tag": "function", "depth": 2, "time": 1598582515.9452884, "data": {"name": "try_log_screen", "call_args": {"screen": null}, "start_time": 1598582514.2288432, "ret": {"screen": "1598582515884.jpg", "resolution": [1080, 1920]}, "end_time": 1598582515.9452884}}
{"tag": "function", "depth": 1, "time": 1598582515.9452884, "data": {"name": "snapshot", "call_args": {"msg": "UIObjectProxy of \"text=\u70ed\u95e8\u8bfe\u7a0b\"", "filename": null, "quality": 10}, "start_time": 1598582514.2288432, "ret": {"screen": "1598582515884.jpg", "resolution": [1080, 1920]}, "end_time": 1598582515.9452884}}
{"tag": "function", "depth": 1, "time": 1598582515.9452884, "data": {"name": "record_ui", "call_args": {"driver": "<poco.drivers.android.uiautomation.AndroidUiautomationPoco object at 0x0000019B6C9BDE80>", "action": "'click'", "ui": "UIObjectProxy of \"text=\u70ed\u95e8\u8bfe\u7a0b\"", "args": "[0.4981481481481482, 0.8125]"}, "start_time": 1598582515.9452884, "ret": "UIObjectProxy of \"text=\u70ed\u95e8\u8bfe\u7a0b\"", "end_time": 1598582515.9452884}}
{"tag": "function", "depth": 2, "time": 1598582516.1323037, "data": {"name": "try_log_screen", "call_args": {"screen": null}, "start_time": 1598582515.9462857, "ret": {"screen": "1598582516090.jpg", "resolution": [1080, 1920]}, "end_time": 1598582516.1323037}}
{"tag": "function", "depth": 1, "time": 1598582516.948191, "data": {"name": "touch", "call_args": {"v": [538.0, 1560.0], "kwargs": {"duration": 0.01}, "times": 1}, "start_time": 1598582515.9462857, "ret": [538.0, 1560.0], "end_time": 1598582516.948191}}
{"tag": "function", "depth": 2, "time": 1598582518.798032, "data": {"name": "try_log_screen", "call_args": {"screen": null}, "start_time": 1598582518.6208653, "ret": {"screen": "1598582518758.jpg", "resolution": [1080, 1920]}, "end_time": 1598582518.798032}}
{"tag": "function", "depth": 1, "time": 1598582518.798032, "data": {"name": "snapshot", "call_args": {"msg": "UIObjectProxy of \"text=\u6df1\u8e72\"", "filename": null, "quality": 10}, "start_time": 1598582518.6198678, "ret": {"screen": "1598582518758.jpg", "resolution": [1080, 1920]}, "end_time": 1598582518.798032}}
{"tag": "function", "depth": 1, "time": 1598582518.798032, "data": {"name": "record_ui", "call_args": {"driver": "<poco.drivers.android.uiautomation.AndroidUiautomationPoco object at 0x0000019B6C9BDE80>", "action": "'click'", "ui": "UIObjectProxy of \"text=\u6df1\u8e72\"", "args": "[0.4981481481481482, 0.4421875]"}, "start_time": 1598582518.798032, "ret": "UIObjectProxy of \"text=\u6df1\u8e72\"", "end_time": 1598582518.798032}}
{"tag": "function", "depth": 2, "time": 1598582518.9557014, "data": {"name": "try_log_screen", "call_args": {"screen": null}, "start_time": 1598582518.7990596, "ret": {"screen": "1598582518916.jpg", "resolution": [1080, 1920]}, "end_time": 1598582518.9557014}}
{"tag": "function", "depth": 1, "time": 1598582519.7677727, "data": {"name": "touch", "call_args": {"v": [538.0, 849.0], "kwargs": {"duration": 0.01}, "times": 1}, "start_time": 1598582518.798032, "ret": [538.0, 849.0], "end_time": 1598582519.7677727}}
{"tag": "function", "depth": 2, "time": 1598582521.732335, "data": {"name": "try_log_screen", "call_args": {"screen": null}, "start_time": 1598582521.5283165, "ret": {"screen": "1598582521690.jpg", "resolution": [1080, 1920]}, "end_time": 1598582521.732335}}
{"tag": "function", "depth": 1, "time": 1598582521.732335, "data": {"name": "snapshot", "call_args": {"msg": "UIObjectProxy of \"android.widget.Button\"", "filename": null, "quality": 10}, "start_time": 1598582521.527346, "ret": {"screen": "1598582521690.jpg", "resolution": [1080, 1920]}, "end_time": 1598582521.732335}}
{"tag": "function", "depth": 1, "time": 1598582521.732335, "data": {"name": "record_ui", "call_args": {"driver": "<poco.drivers.android.uiautomation.AndroidUiautomationPoco object at 0x0000019B6C9BDE80>", "action": "'click'", "ui": "UIObjectProxy of \"android.widget.Button\"", "args": "[0.5, 0.9625]"}, "start_time": 1598582521.732335, "ret": "UIObjectProxy of \"android.widget.Button\"", "end_time": 1598582521.732335}}
{"tag": "function", "depth": 2, "time": 1598582521.893904, "data": {"name": "try_log_screen", "call_args": {"screen": null}, "start_time": 1598582521.732335, "ret": {"screen": "1598582521854.jpg", "resolution": [1080, 1920]}, "end_time": 1598582521.893904}}
{"tag": "function", "depth": 1, "time": 1598582522.7163055, "data": {"name": "touch", "call_args": {"v": [540.0, 1848.0], "kwargs": {"duration": 0.01}, "times": 1}, "start_time": 1598582521.732335, "ret": [540.0, 1848.0], "end_time": 1598582522.7163055}}
{"tag": "function", "depth": 2, "time": 1598582524.7065146, "data": {"name": "try_log_screen", "call_args": {"screen": null}, "start_time": 1598582524.5468254, "ret": {"screen": "1598582524666.jpg", "resolution": [1080, 1920]}, "end_time": 1598582524.7065146}}
{"tag": "function", "depth": 1, "time": 1598582524.7065146, "data": {"name": "snapshot", "call_args": {"msg": "UIObjectProxy of \"text=\u6211\u7684\u8bad\u7ec3\"", "filename": null, "quality": 10}, "start_time": 1598582524.5468254, "ret": {"screen": "1598582524666.jpg", "resolution": [1080, 1920]}, "end_time": 1598582524.7065146}}
{"tag": "function", "depth": 1, "time": 1598582524.7065146, "data": {"name": "record_ui", "call_args": {"driver": "<poco.drivers.android.uiautomation.AndroidUiautomationPoco object at 0x0000019B6C9BDE80>", "action": "'click'", "ui": "UIObjectProxy of \"text=\u6211\u7684\u8bad\u7ec3\"", "args": "[0.5, 0.98125]"}, "start_time": 1598582524.7065146, "ret": "UIObjectProxy of \"text=\u6211\u7684\u8bad\u7ec3\"", "end_time": 1598582524.7065146}}
{"tag": "function", "depth": 2, "time": 1598582524.866885, "data": {"name": "try_log_screen", "call_args": {"screen": null}, "start_time": 1598582524.7065146, "ret": {"screen": "1598582524826.jpg", "resolution": [1080, 1920]}, "end_time": 1598582524.866885}}
{"tag": "function", "depth": 1, "time": 1598582525.6837697, "data": {"name": "touch", "call_args": {"v": [540.0, 1884.0], "kwargs": {"duration": 0.01}, "times": 1}, "start_time": 1598582524.7065146, "ret": [540.0, 1884.0], "end_time": 1598582525.6837697}}
{"tag": "info", "depth": 0, "time": 1598582534.0351238, "data": {"name": "Final Error", "traceback": "Traceback (most recent call last):\n  File \"D:\\airtest\\AirtestIDE\\poco\\proxy.py\", line 26, in wrapped\n    proxy.wait_for_appearance(timeout=proxy.poco._pre_action_wait_for_appearance)\n  File \"D:\\airtest\\AirtestIDE\\poco\\proxy.py\", line 681, in wait_for_appearance\n    raise PocoTargetTimeout('appearance', self)\npoco.exceptions.PocoTargetTimeout: Waiting timeout for appearance of \"UIObjectProxy of \"text=\u5f00\u59cb\u8bad\u7ec3\"\"\n\nDuring handling of the above exception, another exception occurred:\n\nTraceback (most recent call last):\n  File \"airtest\\cli\\runner.py\", line 61, in runTest\n  File \"C:\\Users\\Administrator\\Desktop\\integrationTesting\\hotProject_sd_1.air\\hotProject_sd_1.py\", line 13, in <module>\n    poco(text=\"\u5f00\u59cb\u8bad\u7ec3\").click()\n  File \"D:\\airtest\\AirtestIDE\\poco\\proxy.py\", line 29, in wrapped\n    raise e\n  File \"D:\\airtest\\AirtestIDE\\poco\\proxy.py\", line 23, in wrapped\n    return func(proxy, *args, **kwargs)\n  File \"D:\\airtest\\AirtestIDE\\poco\\proxy.py\", line 332, in click\n    pos_in_percentage = self.get_position(focus)\n  File \"D:\\airtest\\AirtestIDE\\poco\\proxy.py\", line 72, in wrapped\n    return func(proxy, *args, **kwargs)\n  File \"D:\\airtest\\AirtestIDE\\poco\\proxy.py\", line 613, in get_position\n    pos = self.attr('pos')\n  File \"D:\\airtest\\AirtestIDE\\poco\\proxy.py\", line 39, in wrapped\n    return func(self, *args, **kwargs)\n  File \"D:\\airtest\\AirtestIDE\\poco\\proxy.py\", line 734, in attr\n    nodes = self._do_query(multiple=False)\n  File \"D:\\airtest\\AirtestIDE\\poco\\proxy.py\", line 874, in _do_query\n    raise PocoNoSuchNodeException(self)\npoco.exceptions.PocoNoSuchNodeException: Cannot find any visible node by query UIObjectProxy of \"text=\u5f00\u59cb\u8bad\u7ec3\"\n"}}
